1 1 3 4 4 2 1 3 6 14 10 13 12 12 11 12 8 8 12 6 
1 1 3 3 1 2 4 4 6 14 10 13 12 12 11 12 8 8 12 6 
1 1 2 1 3 3 4 4 6 14 10 13 12 12 11 12 8 8 12 6 
1 1 2 1 3 3 4 4 6 14 10 13 12 12 11 12 8 8 12 6 
1 1 1 2 3 3 4 4 6 14 10 13 12 12 11 12 8 8 12 6 
1 1 1 2 3 3 4 4 6 14 10 13 12 12 11 12 8 8 12 6 
1 1 1 2 3 3 4 4 6 14 10 13 12 12 11 12 8 8 12 6 
1 1 1 2 3 3 4 4 6 14 10 13 12 12 11 12 8 8 12 6 
1 1 1 2 3 3 4 4 6 6 10 8 8 11 12 12 12 13 12 14 
1 1 1 2 3 3 4 4 6 6 8 8 10 11 12 12 12 13 12 14 
1 1 1 2 3 3 4 4 6 6 8 8 10 11 12 12 12 13 12 14 
1 1 1 2 3 3 4 4 6 6 8 8 10 11 12 12 12 13 12 14 
1 1 1 2 3 3 4 4 6 6 8 8 10 11 12 12 12 13 12 14 
1 1 1 2 3 3 4 4 6 6 8 8 10 11 12 12 12 13 12 14 
1 1 1 2 3 3 4 4 6 6 8 8 10 11 12 12 12 12 13 14 
1 1 1 2 3 3 4 4 6 6 8 8 10 11 12 12 12 12 13 14 
1 1 1 2 3 3 4 4 6 6 8 8 10 11 12 12 12 12 13 14 
1 Howard Glickman
1 Craig Rasmussen
1 Joseph Johnson
2 Gary Vance
3 Nancy Peterson
3 Amparo Noland
4 Gina Byrd
4 Sonya Oh
6 George Higgins
6 Susan Mauldin
8 James Johnson
8 Summer Woods
10 Rebecca Lavell
11 Mary Eason
12 Rachel Zepeda
12 John Goodwin
12 Murray Tuten
12 Paul Johns
13 Jane Hebert
14 Michelle Johnson
