1 1 1 2 3 3 4 4 8 8 6 6 12 11 10 12 12 12 13 14 
1 1 1 2 3 3 4 4 8 8 6 6 12 11 10 12 12 12 13 14 
1 1 1 2 3 3 4 4 8 8 6 6 12 11 10 12 12 12 13 14 
1 1 1 2 3 3 4 4 8 8 6 6 12 11 10 12 12 12 13 14 
1 1 1 2 3 3 4 4 6 6 8 8 12 11 10 12 12 12 13 14 
1 1 1 2 3 3 4 4 6 6 8 8 12 11 10 12 12 12 13 14 
1 1 1 2 3 3 4 4 6 6 8 8 12 11 10 12 12 12 13 14 
1 1 1 2 3 3 4 4 6 6 8 8 12 11 10 12 12 12 13 14 
1 1 1 2 3 3 4 4 6 6 8 8 12 11 10 12 12 12 13 14 
1 1 1 2 3 3 4 4 6 6 8 8 12 11 10 12 12 12 13 14 
1 1 1 2 3 3 4 4 6 6 8 8 12 11 10 12 12 12 13 14 
1 1 1 2 3 3 4 4 6 6 8 8 12 11 10 12 12 12 13 14 
1 1 1 2 3 3 4 4 6 6 8 8 10 11 12 12 12 12 13 14 
1 1 1 2 3 3 4 4 6 6 8 8 10 11 12 12 12 12 13 14 
1 1 1 2 3 3 4 4 6 6 8 8 10 11 12 12 12 12 13 14 
1 Joseph Johnson
1 Craig Rasmussen
1 Howard Glickman
2 Gary Vance
3 Nancy Peterson
3 Amparo Noland
4 Sonya Oh
4 Gina Byrd
6 George Higgins
6 Susan Mauldin
8 Summer Woods
8 James Johnson
10 Rebecca Lavell
11 Mary Eason
12 Murray Tuten
12 John Goodwin
12 Paul Johns
12 Rachel Zepeda
13 Jane Hebert
14 Michelle Johnson
